<?xml version="1.0" encoding="UTF-8"?>
<robot generator="Robot 5.0 (Python 3.10.0 on win32)" generated="20220424 14:19:43.630" rpa="false" schemaversion="3">
<suite id="s1" name="Login" source="C:\Users\WELCOME\Downloads\RobotFrameworkUIAutomation-master\Tests\Sources\login.robot">
<test id="s1-t1" name="create_account" line="9">
<kw name="Test_setup" library="ui_resource" type="SETUP">
<kw name="set selenium implicit wait">
<arg>1</arg>
<msg timestamp="20220424 14:19:43.692" level="FAIL">No keyword with name 'set selenium implicit wait' found.</msg>
<status status="FAIL" starttime="20220424 14:19:43.692" endtime="20220424 14:19:43.692"/>
</kw>
<kw name="set selenium speed">
<arg>.15</arg>
<status status="NOT RUN" starttime="20220424 14:19:43.708" endtime="20220424 14:19:43.708"/>
</kw>
<kw name="set selenium timeout">
<arg>30</arg>
<status status="NOT RUN" starttime="20220424 14:19:43.708" endtime="20220424 14:19:43.708"/>
</kw>
<status status="FAIL" starttime="20220424 14:19:43.692" endtime="20220424 14:19:43.708"/>
</kw>
<kw name="Test_teardown" library="ui_resource" type="TEARDOWN">
<kw name="Close All Browsers">
<msg timestamp="20220424 14:19:43.708" level="FAIL">No keyword with name 'Close All Browsers' found.</msg>
<status status="FAIL" starttime="20220424 14:19:43.708" endtime="20220424 14:19:43.708"/>
</kw>
<status status="FAIL" starttime="20220424 14:19:43.708" endtime="20220424 14:19:43.708">No keyword with name 'Close All Browsers' found.</status>
</kw>
<status status="FAIL" starttime="20220424 14:19:43.692" endtime="20220424 14:19:43.708">Setup failed:
No keyword with name 'set selenium implicit wait' found.

Also teardown failed:
No keyword with name 'Close All Browsers' found.</status>
</test>
<status status="FAIL" starttime="20220424 14:19:43.630" endtime="20220424 14:19:43.708"/>
</suite>
<statistics>
<total>
<stat pass="0" fail="1" skip="0">All Tests</stat>
</total>
<tag>
</tag>
<suite>
<stat pass="0" fail="1" skip="0" id="s1" name="Login">Login</stat>
</suite>
</statistics>
<errors>
<msg timestamp="20220424 14:19:43.692" level="ERROR">Error in file 'C:\Users\WELCOME\Downloads\RobotFrameworkUIAutomation-master\Tests\Resources\ui_resource.robot' on line 4: Importing library 'UIselenium' failed: ModuleNotFoundError: No module named 'UIselenium'
Traceback (most recent call last):
  None
PYTHONPATH:
  C:\Users\WELCOME\AppData\Local\Programs\Python\Python310\Scripts\robot.exe
  C:\Users\WELCOME\PycharmProjects\MoisturealertAWS\Tests
  C:\Users\WELCOME\AppData\Local\Programs\Python\Python310\python310.zip
  C:\Users\WELCOME\AppData\Local\Programs\Python\Python310\DLLs
  C:\Users\WELCOME\AppData\Local\Programs\Python\Python310\lib
  C:\Users\WELCOME\AppData\Local\Programs\Python\Python310
  C:\Users\WELCOME\AppData\Local\Programs\Python\Python310\lib\site-packages</msg>
<msg timestamp="20220424 14:19:43.692" level="ERROR">Error in file 'C:\Users\WELCOME\Downloads\RobotFrameworkUIAutomation-master\Tests\Resources\ui_resource.robot' on line 5: Importing library 'inputconfig' failed: ModuleNotFoundError: No module named 'inputconfig'
Traceback (most recent call last):
  None
PYTHONPATH:
  C:\Users\WELCOME\AppData\Local\Programs\Python\Python310\Scripts\robot.exe
  C:\Users\WELCOME\PycharmProjects\MoisturealertAWS\Tests
  C:\Users\WELCOME\AppData\Local\Programs\Python\Python310\python310.zip
  C:\Users\WELCOME\AppData\Local\Programs\Python\Python310\DLLs
  C:\Users\WELCOME\AppData\Local\Programs\Python\Python310\lib
  C:\Users\WELCOME\AppData\Local\Programs\Python\Python310
  C:\Users\WELCOME\AppData\Local\Programs\Python\Python310\lib\site-packages</msg>
</errors>
</robot>
